<?xml version="1.0" encoding="UTF-8"?>
<!-- Generated by org.testng.reporters.JUnitReportReporter -->
<testsuite hostname="Paramjee3145614" name="JenkinsDemo.DemoJenkinsJob" tests="1" failures="0" timestamp="21 Nov 2016 06:43:18 GMT" time="18.140" errors="0">
  <testcase name="testJenkins" time="18.140" classname="JenkinsDemo.DemoJenkinsJob"/>
</testsuite> <!-- JenkinsDemo.DemoJenkinsJob -->
